
Showing logs for build [32mcb-kubecd-environment-pr-198-37-rlpjz-1[0m stage [32mfrom-build-pack[0m and container [32mstep-credential-initializer-c9wz9[0m
{"level":"warn","ts":1586515195.9827397,"logger":"fallback-logger","caller":"logging/config.go:69","msg":"Fetch GitHub commit ID from kodata failed: \"ref: refs/heads/0.8.0-**-support-backwards-incompats\" is not a valid GitHub commit ID"}
{"level":"info","ts":1586515195.9835627,"logger":"fallback-logger","caller":"creds-init/main.go:40","msg":"Credentials initialized."}

Showing logs for build [32mcb-kubecd-environment-pr-198-37-rlpjz-1[0m stage [32mfrom-build-pack[0m and container [32mstep-working-dir-initializer-nrzqk[0m
{"level":"warn","ts":1586515196.9826386,"logger":"fallback-logger","caller":"logging/config.go:69","msg":"Fetch GitHub commit ID from kodata failed: open /var/run/ko/HEAD: no such file or directory"}
{"level":"info","ts":1586515196.9841967,"logger":"fallback-logger","caller":"bash/main.go:64","msg":"Successfully executed command \"sh -c mkdir -p /workspace/source\"; output "}

Showing logs for build [32mcb-kubecd-environment-pr-198-37-rlpjz-1[0m stage [32mfrom-build-pack[0m and container [32mstep-place-tools[0m

Showing logs for build [32mcb-kubecd-environment-pr-198-37-rlpjz-1[0m stage [32mfrom-build-pack[0m and container [32mstep-git-source-cb-kubecd-environment-pr-198-37-rlpjz-rsbr4[0m
{"level":"warn","ts":1586515200.0845675,"logger":"fallback-logger","caller":"logging/config.go:69","msg":"Fetch GitHub commit ID from kodata failed: \"ref: refs/heads/0.8.0-**-support-backwards-incompats\" is not a valid GitHub commit ID"}
{"level":"info","ts":1586515201.1684482,"logger":"fallback-logger","caller":"git/git.go:103","msg":"Successfully cloned https://github.com/cb-kubecd/environment-pr-198-37-boot-gke-production.git @ master in path /workspace/source"}

Showing logs for build [32mcb-kubecd-environment-pr-198-37-rlpjz-1[0m stage [32mfrom-build-pack[0m and container [32mstep-git-merge[0m
Using SHAs from PULL_REFS=master:87cfdfeb2821e86bf96652ffd2d68dc0393b9fe1,1:40568a67da2c23636c51c53e51a1d6a2e58340ae
DEBUG: JX_LOG_LEVEL=error LC_ALL=C git fetch origin --unshallow 40568a67da2c23636c51c53e51a1d6a2e58340ae: 87cfdfeb2821e86bf96652ffd2d68dc0393b9fe1:
DEBUG: ran git fetch --unshallow origin 40568a67da2c23636c51c53e51a1d6a2e58340ae: 87cfdfeb2821e86bf96652ffd2d68dc0393b9fe1: in 
DEBUG: LC_ALL=C JX_LOG_LEVEL=error git branch
DEBUG: LC_ALL=C JX_LOG_LEVEL=error git checkout master
DEBUG: ran git checkout master in 
DEBUG: LC_ALL=C JX_LOG_LEVEL=error git reset --hard 87cfdfeb2821e86bf96652ffd2d68dc0393b9fe1
DEBUG: ran git reset --hard 87cfdfeb2821e86bf96652ffd2d68dc0393b9fe1 in 
DEBUG: LC_ALL=C JX_LOG_LEVEL=error git clean -fd .
DEBUG: ran clean --force -d . in 
DEBUG: JX_LOG_LEVEL=error LC_ALL=C git merge 40568a67da2c23636c51c53e51a1d6a2e58340ae
DEBUG: ran git merge 40568a67da2c23636c51c53e51a1d6a2e58340ae in 
DEBUG: LC_ALL=C JX_LOG_LEVEL=error git log --format=%H%x1f%an%x1f%ae%x1f%cn%x1f%ce%x1f%s%n%b%x1e 87cfdfeb2821e86bf96652ffd2d68dc0393b9fe1..HEAD
Merged SHA 40568a67da2c23636c51c53e51a1d6a2e58340ae with commit message 'chore: Promote bdd-spring-1586514305 to version 0.0.1' into base branch master

Showing logs for build [32mcb-kubecd-environment-pr-198-37-rlpjz-1[0m stage [32mfrom-build-pack[0m and container [32mstep-build-helm-build[0m
WARNING: No $CHART_REPOSITORY defined so using the default value of: http://jenkins-x-chartmuseum:8080
Adding missing Helm repo: storage.googleapis.com https://storage.googleapis.com/chartmuseum.jenkins-x.io
WARNING: No secrets found on "helm/repos" due: reading the secret "helm/repos" from vault: no secret "helm/repos" not found in vault
Read credentials for https://storage.googleapis.com/chartmuseum.jenkins-x.io from vault helm/repos
Successfully added Helm repository storage.googleapis.com.
Adding missing Helm repo: jenkins-x-chartmuseum http://jenkins-x-chartmuseum:8080
WARNING: No secrets found on "helm/repos" due: reading the secret "helm/repos" from vault: no secret "helm/repos" not found in vault
Read credentials for http://jenkins-x-chartmuseum:8080 from vault helm/repos
Successfully added Helm repository jenkins-x-chartmuseum.
WARNING: No $CHART_REPOSITORY defined so using the default value of: http://jenkins-x-chartmuseum:8080
Adding missing Helm repo: chartmuseum.jenkins-x.io http://chartmuseum.jenkins-x.io
WARNING: No secrets found on "helm/repos" due: reading the secret "helm/repos" from vault: no secret "helm/repos" not found in vault
Read credentials for http://chartmuseum.jenkins-x.io from vault helm/repos
Successfully added Helm repository chartmuseum.jenkins-x.io.
